<?xml version="1.0" encoding="UTF-8" ?>
<testsuite tests="19" failures="0" name="GridTest" time="0.177" errors="0" skipped="0">
  <properties>
    <property name="java.runtime.name" value="Java(TM) SE Runtime Environment"/>
    <property name="java.vm.version" value="18.0.2.1+1-1"/>
    <property name="sun.boot.library.path" value="C:\Program Files\Java\jdk-18.0.2.1\bin"/>
    <property name="maven.multiModuleProjectDirectory" value="C:/Users/Has/Desktop/coding/Minesweeper"/>
    <property name="java.vm.vendor" value="Oracle Corporation"/>
    <property name="java.vendor.url" value="https://java.oracle.com/"/>
    <property name="guice.disable.misplaced.annotation.check" value="true"/>
    <property name="path.separator" value=";"/>
    <property name="java.vm.name" value="Java HotSpot(TM) 64-Bit Server VM"/>
    <property name="sun.os.patch.level" value=""/>
    <property name="user.script" value=""/>
    <property name="user.country" value="GB"/>
    <property name="sun.java.launcher" value="SUN_STANDARD"/>
    <property name="java.vm.specification.name" value="Java Virtual Machine Specification"/>
    <property name="user.dir" value="C:\Users\Has\Desktop\coding\Minesweeper"/>
    <property name="java.vm.compressedOopsMode" value="32-bit"/>
    <property name="java.runtime.version" value="18.0.2.1+1-1"/>
    <property name="os.arch" value="amd64"/>
    <property name="java.io.tmpdir" value="C:\Users\Has\AppData\Local\Temp\"/>
    <property name="line.separator" value="
"/>
    <property name="java.vm.specification.vendor" value="Oracle Corporation"/>
    <property name="user.variant" value=""/>
    <property name="os.name" value="Windows 10"/>
    <property name="classworlds.conf" value="C:/Users/Has/Desktop/work and coding/apache-maven-3.8.6/bin/m2.conf"/>
    <property name="sun.jnu.encoding" value="Cp1252"/>
    <property name="java.library.path" value="C:\Program Files\Java\jdk-18.0.2.1\bin;C:\windows\Sun\Java\bin;C:\windows\system32;C:\windows;C:\Users\Has\bin;C:\Program Files (x86)\Git\mingw32\bin;C:\Program Files (x86)\Git\usr\local\bin;C:\Program Files (x86)\Git\usr\bin;C:\Program Files (x86)\Git\usr\bin;C:\Program Files (x86)\Git\mingw32\bin;C:\Program Files (x86)\Git\usr\bin;C:\Users\Has\bin;C:\Program Files\Common Files\Oracle\Java\javapath;C:\Program Files\Java\jdk-18.0.2.1\bin;C:\Users\Has\Desktop\work and coding\apache-maven-3.8.6\bin;C:\Users\Has\AppData\Local\Microsoft\WindowsApps;C:\Users\Has\AppData\Local\Programs\Microsoft VS Code\bin;C:\Users\Has\AppData\Local\GitHubDesktop\bin;C:\Program Files\JetBrains\IntelliJ IDEA Community Edition 2022.2.3\bin;C:\Program Files\Java\jdk-18.0.2.1bin;C:\Program Files (x86)\Git\usr\bin\vendor_perl;C:\Program Files (x86)\Git\usr\bin\core_perl;."/>
    <property name="maven.conf" value="C:/Users/Has/Desktop/work and coding/apache-maven-3.8.6/conf"/>
    <property name="jdk.debug" value="release"/>
    <property name="java.class.version" value="62.0"/>
    <property name="java.specification.name" value="Java Platform API Specification"/>
    <property name="sun.management.compiler" value="HotSpot 64-Bit Tiered Compilers"/>
    <property name="os.version" value="10.0"/>
    <property name="library.jansi.path" value="C:/Users/Has/Desktop/work and coding/apache-maven-3.8.6/lib/jansi-native"/>
    <property name="user.home" value="C:\Users\Has"/>
    <property name="user.timezone" value="Europe/London"/>
    <property name="file.encoding" value="UTF-8"/>
    <property name="java.specification.version" value="18"/>
    <property name="user.name" value="Has"/>
    <property name="java.class.path" value="C:/Users/Has/Desktop/work and coding/apache-maven-3.8.6/boot/plexus-classworlds-2.6.0.jar"/>
    <property name="java.vm.specification.version" value="18"/>
    <property name="sun.arch.data.model" value="64"/>
    <property name="sun.java.command" value="org.codehaus.plexus.classworlds.launcher.Launcher clean test"/>
    <property name="java.home" value="C:\Program Files\Java\jdk-18.0.2.1"/>
    <property name="user.language" value="en"/>
    <property name="java.specification.vendor" value="Oracle Corporation"/>
    <property name="java.vm.info" value="mixed mode, sharing"/>
    <property name="java.version" value="18.0.2.1"/>
    <property name="native.encoding" value="Cp1252"/>
    <property name="java.vendor" value="Oracle Corporation"/>
    <property name="maven.home" value="C:\Users\Has\Desktop\work and coding\apache-maven-3.8.6"/>
    <property name="file.separator" value="\"/>
    <property name="java.version.date" value="2022-08-18"/>
    <property name="java.vendor.url.bug" value="https://bugreport.java.com/bugreport/"/>
    <property name="sun.io.unicode.encoding" value="UnicodeLittle"/>
    <property name="sun.cpu.endian" value="little"/>
    <property name="sun.cpu.isalist" value="amd64"/>
  </properties>
  <testcase classname="GridTest" name="testSetAllToFlag" time="0.105"/>
  <testcase classname="GridTest" name="testShowTilesGameWin" time="0.003"/>
  <testcase classname="GridTest" name="testSetValuesSomeTiles" time="0.003"/>
  <testcase classname="GridTest" name="testSetNameUnhidden" time="0.004"/>
  <testcase classname="GridTest" name="testSetNameFlag" time="0.009"/>
  <testcase classname="GridTest" name="testSetNameMine" time="0"/>
  <testcase classname="GridTest" name="testRemoveFlags" time="0"/>
  <testcase classname="GridTest" name="testSetNameOther" time="0.009"/>
  <testcase classname="GridTest" name="testShowTilesAt0InacessibleTiles" time="0.013"/>
  <testcase classname="GridTest" name="testShowTilesAt0NoMines" time="0"/>
  <testcase classname="GridTest" name="testHiddenUpdate" time="0.004"/>
  <testcase classname="GridTest" name="testShowTilesGameOver" time="0.01"/>
  <testcase classname="GridTest" name="testShowTilesAt0AccessibleTiles" time="0.005"/>
  <testcase classname="GridTest" name="testSetSomeToFlag" time="0.004"/>
  <testcase classname="GridTest" name="testSetZeroes" time="0.002"/>
  <testcase classname="GridTest" name="testSetFlag" time="0.001"/>
  <testcase classname="GridTest" name="testSetValuesAllTiles" time="0.002"/>
  <testcase classname="GridTest" name="testShowTilesFlagged" time="0"/>
  <testcase classname="GridTest" name="testPopulateMines" time="0.003"/>
</testsuite>